<?xml version="1.0" encoding="utf-8"?>
<TestRun id="f3d7524a-2e47-48fc-92be-4f85cb42adf1" name="@roger-lozada 2020-07-08 14:28:32" xmlns="http://microsoft.com/schemas/VisualStudio/TeamTest/2010">
  <Times creation="2020-07-08T14:28:32.5853996-03:00" queuing="2020-07-08T14:28:32.5853997-03:00" start="2020-07-08T14:28:31.8461235-03:00" finish="2020-07-08T14:28:32.5996671-03:00" />
  <TestSettings name="default" id="9e91bc07-0002-4aa5-8422-03b014c8c7ce">
    <Deployment runDeploymentRoot="_roger-lozada_2020-07-08_14_28_32" />
  </TestSettings>
  <Results>
    <UnitTestResult executionId="085a0e3c-699a-419e-8aaa-0afb6468f718" testId="d8810222-7a4f-9cfd-ef89-d955f128b8ed" testName="TestMethod1" computerName="roger-lozada" duration="00:00:00.0045158" startTime="2020-07-08T14:28:32.3817035-03:00" endTime="2020-07-08T14:28:32.4168006-03:00" testType="13cdc9d9-ddb5-4fa4-a97d-d965ccfc6d4b" outcome="Passed" testListId="8c84fa94-04c1-424b-9868-57a2d4851a1d" relativeResultsDirectory="085a0e3c-699a-419e-8aaa-0afb6468f718" />
  </Results>
  <TestDefinitions>
    <UnitTest name="TestMethod1" storage="/home/roger/courses/jenkins/projeto/bonification/bonificationerp.tests/bin/debug/netcoreapp3.1/bonificationerp.tests.dll" id="d8810222-7a4f-9cfd-ef89-d955f128b8ed">
      <Execution id="085a0e3c-699a-419e-8aaa-0afb6468f718" />
      <TestMethod codeBase="/home/roger/courses/jenkins/projeto/bonification/BonificationErp.Tests/bin/Debug/netcoreapp3.1/BonificationErp.Tests.dll" adapterTypeName="executor://mstestadapter/v2" className="BonificationErp.Tests.UnitTest1" name="TestMethod1" />
    </UnitTest>
  </TestDefinitions>
  <TestEntries>
    <TestEntry testId="d8810222-7a4f-9cfd-ef89-d955f128b8ed" executionId="085a0e3c-699a-419e-8aaa-0afb6468f718" testListId="8c84fa94-04c1-424b-9868-57a2d4851a1d" />
  </TestEntries>
  <TestLists>
    <TestList name="Results Not in a List" id="8c84fa94-04c1-424b-9868-57a2d4851a1d" />
    <TestList name="All Loaded Results" id="19431567-8539-422a-85d7-44ee4e166bda" />
  </TestLists>
  <ResultSummary outcome="Completed">
    <Counters total="1" executed="1" passed="1" failed="0" error="0" timeout="0" aborted="0" inconclusive="0" passedButRunAborted="0" notRunnable="0" notExecuted="0" disconnected="0" warning="0" completed="0" inProgress="0" pending="0" />
  </ResultSummary>
</TestRun>